<?xml version="1.0" encoding="UTF-8"?>
<!-- Generated by org.testng.reporters.JUnitReportReporter -->
<testsuite skipped="0" hostname="DESKTOP-N60QB27" name="tests.ProductTest.InventoryTest" tests="5" failures="0" timestamp="2022-11-11T14:26:48 IST" time="13.534" errors="0">
  <testcase name="loginTest" time="0.850" classname="tests.ProductTest.InventoryTest"/>
  <testcase name="productTest" time="0.108" classname="tests.ProductTest.InventoryTest"/>
  <testcase name="addProductToCartTest" time="0.148" classname="tests.ProductTest.InventoryTest"/>
  <testcase name="checkOutInfo" time="6.313" classname="tests.ProductTest.InventoryTest"/>
  <testcase name="checkOutOverviewTest" time="6.115" classname="tests.ProductTest.InventoryTest"/>
</testsuite> <!-- tests.ProductTest.InventoryTest -->
